2026/06/29 11:44:49 [notice] 1#1: using the "epoll" event method
2026/06/29 11:44:49 [notice] 1#1: nginx/1.29.5
2026/06/29 11:44:49 [notice] 1#1: built by gcc 15.2.0 (Alpine 15.2.0) 
2026/06/29 11:44:49 [notice] 1#1: OS: Linux 6.8.0-110-generic
2026/06/29 11:44:49 [notice] 1#1: getrlimit(RLIMIT_NOFILE): 1024:524288
2026/06/29 11:44:49 [notice] 1#1: start worker processes
2026/06/29 11:44:49 [notice] 1#1: start worker process 20
2026/06/29 11:44:49 [notice] 1#1: start worker process 21
2026/06/29 11:44:49 [notice] 1#1: start worker process 22
2026/06/29 11:44:49 [notice] 1#1: start worker process 23
2026/06/29 12:35:06 [notice] 1#1: signal 3 (SIGQUIT) received, shutting down
2026/06/29 12:35:06 [notice] 20#20: gracefully shutting down
2026/06/29 12:35:06 [notice] 21#21: gracefully shutting down
2026/06/29 12:35:06 [notice] 22#22: gracefully shutting down
2026/06/29 12:35:06 [notice] 20#20: exiting
2026/06/29 12:35:06 [notice] 21#21: exiting
2026/06/29 12:35:06 [notice] 22#22: exiting
2026/06/29 12:35:06 [notice] 21#21: exit
2026/06/29 12:35:06 [notice] 20#20: exit
2026/06/29 12:35:06 [notice] 22#22: exit
2026/06/29 12:35:06 [notice] 23#23: gracefully shutting down
2026/06/29 12:35:06 [notice] 23#23: exiting
2026/06/29 12:35:06 [notice] 23#23: exit
2026/06/29 12:35:06 [notice] 1#1: signal 17 (SIGCHLD) received from 20
2026/06/29 12:35:06 [notice] 1#1: worker process 20 exited with code 0
2026/06/29 12:35:06 [notice] 1#1: signal 29 (SIGIO) received
2026/06/29 12:35:06 [notice] 1#1: signal 17 (SIGCHLD) received from 22
2026/06/29 12:35:06 [notice] 1#1: worker process 22 exited with code 0
2026/06/29 12:35:06 [notice] 1#1: signal 29 (SIGIO) received
2026/06/29 12:35:06 [notice] 1#1: signal 17 (SIGCHLD) received from 21
2026/06/29 12:35:06 [notice] 1#1: worker process 21 exited with code 0
2026/06/29 12:35:06 [notice] 1#1: signal 29 (SIGIO) received
2026/06/29 12:35:06 [notice] 1#1: signal 17 (SIGCHLD) received from 23
2026/06/29 12:35:06 [notice] 1#1: worker process 23 exited with code 0
2026/06/29 12:35:06 [notice] 1#1: exit
2026/06/29 12:35:09 [notice] 1#1: using the "epoll" event method
2026/06/29 12:35:09 [notice] 1#1: nginx/1.29.5
2026/06/29 12:35:09 [notice] 1#1: built by gcc 15.2.0 (Alpine 15.2.0) 
2026/06/29 12:35:09 [notice] 1#1: OS: Linux 6.8.0-110-generic
2026/06/29 12:35:09 [notice] 1#1: getrlimit(RLIMIT_NOFILE): 1024:524288
2026/06/29 12:35:09 [notice] 1#1: start worker processes
2026/06/29 12:35:09 [notice] 1#1: start worker process 21
2026/06/29 12:35:09 [notice] 1#1: start worker process 22
2026/06/29 12:35:09 [notice] 1#1: start worker process 23
2026/06/29 12:35:09 [notice] 1#1: start worker process 24
2026/06/29 12:51:45 [notice] 1#1: signal 3 (SIGQUIT) received, shutting down
2026/06/29 12:51:45 [notice] 22#22: gracefully shutting down
2026/06/29 12:51:45 [notice] 21#21: gracefully shutting down
2026/06/29 12:51:45 [notice] 24#24: gracefully shutting down
2026/06/29 12:51:45 [notice] 22#22: exiting
2026/06/29 12:51:45 [notice] 21#21: exiting
2026/06/29 12:51:45 [notice] 24#24: exiting
2026/06/29 12:51:45 [notice] 23#23: gracefully shutting down
2026/06/29 12:51:45 [notice] 21#21: exit
2026/06/29 12:51:45 [notice] 22#22: exit
2026/06/29 12:51:45 [notice] 24#24: exit
2026/06/29 12:51:45 [notice] 23#23: exiting
2026/06/29 12:51:45 [notice] 23#23: exit
2026/06/29 12:51:45 [notice] 1#1: signal 17 (SIGCHLD) received from 23
2026/06/29 12:51:45 [notice] 1#1: worker process 23 exited with code 0
2026/06/29 12:51:45 [notice] 1#1: signal 29 (SIGIO) received
2026/06/29 12:51:45 [notice] 1#1: signal 17 (SIGCHLD) received from 21
2026/06/29 12:51:45 [notice] 1#1: worker process 21 exited with code 0
2026/06/29 12:51:45 [notice] 1#1: worker process 22 exited with code 0
2026/06/29 12:51:45 [notice] 1#1: signal 29 (SIGIO) received
2026/06/29 12:51:45 [notice] 1#1: signal 17 (SIGCHLD) received from 24
2026/06/29 12:51:45 [notice] 1#1: worker process 24 exited with code 0
2026/06/29 12:51:45 [notice] 1#1: exit
2026/06/29 12:51:49 [notice] 1#1: using the "epoll" event method
2026/06/29 12:51:49 [notice] 1#1: nginx/1.29.5
2026/06/29 12:51:49 [notice] 1#1: built by gcc 15.2.0 (Alpine 15.2.0) 
2026/06/29 12:51:49 [notice] 1#1: OS: Linux 6.8.0-110-generic
2026/06/29 12:51:49 [notice] 1#1: getrlimit(RLIMIT_NOFILE): 1024:524288
2026/06/29 12:51:49 [notice] 1#1: start worker processes
2026/06/29 12:51:49 [notice] 1#1: start worker process 21
2026/06/29 12:51:49 [notice] 1#1: start worker process 22
2026/06/29 12:51:49 [notice] 1#1: start worker process 23
2026/06/29 12:51:49 [notice] 1#1: start worker process 24
2026/06/29 12:56:28 [notice] 1#1: signal 3 (SIGQUIT) received, shutting down
2026/06/29 12:56:28 [notice] 23#23: gracefully shutting down
2026/06/29 12:56:28 [notice] 21#21: gracefully shutting down
2026/06/29 12:56:28 [notice] 24#24: gracefully shutting down
2026/06/29 12:56:28 [notice] 23#23: exiting
2026/06/29 12:56:28 [notice] 21#21: exiting
2026/06/29 12:56:28 [notice] 24#24: exiting
2026/06/29 12:56:28 [notice] 22#22: gracefully shutting down
2026/06/29 12:56:28 [notice] 22#22: exiting
2026/06/29 12:56:28 [notice] 21#21: exit
2026/06/29 12:56:28 [notice] 23#23: exit
2026/06/29 12:56:28 [notice] 24#24: exit
2026/06/29 12:56:28 [notice] 22#22: exit
2026/06/29 12:56:28 [notice] 1#1: signal 17 (SIGCHLD) received from 24
2026/06/29 12:56:28 [notice] 1#1: worker process 24 exited with code 0
2026/06/29 12:56:28 [notice] 1#1: signal 29 (SIGIO) received
2026/06/29 12:56:28 [notice] 1#1: signal 17 (SIGCHLD) received from 22
2026/06/29 12:56:28 [notice] 1#1: worker process 22 exited with code 0
2026/06/29 12:56:28 [notice] 1#1: signal 29 (SIGIO) received
2026/06/29 12:56:28 [notice] 1#1: signal 17 (SIGCHLD) received from 21
2026/06/29 12:56:28 [notice] 1#1: worker process 21 exited with code 0
2026/06/29 12:56:28 [notice] 1#1: signal 17 (SIGCHLD) received from 23
2026/06/29 12:56:28 [notice] 1#1: worker process 23 exited with code 0
2026/06/29 12:56:28 [notice] 1#1: exit
2026/06/29 12:56:31 [notice] 1#1: using the "epoll" event method
2026/06/29 12:56:31 [notice] 1#1: nginx/1.29.5
2026/06/29 12:56:31 [notice] 1#1: built by gcc 15.2.0 (Alpine 15.2.0) 
2026/06/29 12:56:31 [notice] 1#1: OS: Linux 6.8.0-110-generic
2026/06/29 12:56:31 [notice] 1#1: getrlimit(RLIMIT_NOFILE): 1024:524288
2026/06/29 12:56:31 [notice] 1#1: start worker processes
2026/06/29 12:56:31 [notice] 1#1: start worker process 21
2026/06/29 12:56:31 [notice] 1#1: start worker process 22
2026/06/29 12:56:31 [notice] 1#1: start worker process 23
2026/06/29 12:56:31 [notice] 1#1: start worker process 24
